app/build/outputs/logs/manifest-merger-debug-report.txt
-- Merging decision tree log ---
provider#android.support.v4.content.FileProvider
INJECTED from src/main/AndroidManifest.xml:28:9-38:20
	android:grantUriPermissions
		ADDED from src/main/AndroidManifest.xml:32:13-47
	android:authorities
		INJECTED from src/main/AndroidManifest.xml
		ADDED from src/main/AndroidManifest.xml:30:13-60
	android:exported
		ADDED from src/main/AndroidManifest.xml:31:13-37
	android:name
		ADDED from src/main/AndroidManifest.xml:29:13-67
manifest
ADDED from src/main/AndroidManifest.xml:2:1-316:12
INJECTED from src/main/AndroidManifest.xml:2:1-316:12
INJECTED from src/main/AndroidManifest.xml:2:1-316:12
INJECTED from src/main/AndroidManifest.xml:2:1-316:12
MERGED from [com.github.chrisbanes.photoview:library:1.2.3] AndroidManifest.xml:1:92-6:12
MERGED from [com.facebook.android:facebook-android-sdk:4.35.0] AndroidManifest.xml:21:1-31:12
MERGED from [com.pkmmte.view:circularimageview:1.1] AndroidManifest.xml:2:1-13:12
MERGED from [com.melnykov:floatingactionbutton:1.3.0] AndroidManifest.xml:2:1-14:12
MERGED from [com.android.support:design:26.1.0] AndroidManifest.xml:17:1-31:12
MERGED from [com.facebook.android:facebook-login:4.35.0] AndroidManifest.xml:21:1-31:12
MERGED from [com.facebook.android:facebook-share:4.35.0] AndroidManifest.xml:21:1-31:12
MERGED from [com.facebook.android:facebook-common:4.35.0] AndroidManifest.xml:21:1-37:12
MERGED from [com.android.support:appcompat-v7:27.0.2] AndroidManifest.xml:17:1-22:12
MERGED from [com.android.support:recyclerview-v7:26.1.0] AndroidManifest.xml:17:1-28:12
MERGED from [com.android.support:cardview-v7:27.0.2] AndroidManifest.xml:17:1-22:12
MERGED from [com.balysv:material-ripple:1.0.2] AndroidManifest.xml:2:1-14:12
MERGED from [com.google.firebase:firebase-core:11.6.2] AndroidManifest.xml:2:1-6:12
MERGED from [com.google.firebase:firebase-ads:11.6.2] AndroidManifest.xml:2:1-6:12
MERGED from [com.google.firebase:firebase-messaging:11.6.2] AndroidManifest.xml:16:1-30:12
MERGED from [com.google.android.gms:play-services-gcm:11.6.2] AndroidManifest.xml:16:1-24:12
MERGED from [com.google.android.gms:play-services-ads:11.6.2] AndroidManifest.xml:16:1-18:12
MERGED from [com.android.support:transition:26.1.0] AndroidManifest.xml:17:1-28:12
MERGED from [com.google.firebase:firebase-analytics:11.6.2] AndroidManifest.xml:16:1-35:12
MERGED from [com.google.firebase:firebase-analytics-impl:11.6.2] AndroidManifest.xml:16:1-29:12
MERGED from [com.google.firebase:firebase-iid:11.6.2] AndroidManifest.xml:16:1-47:12
MERGED from [com.google.firebase:firebase-common:11.6.2] AndroidManifest.xml:2:1-8:12
MERGED from [com.google.android.gms:play-services-iid:11.6.2] AndroidManifest.xml:16:1-24:12
MERGED from [com.google.android.gms:play-services-base:11.6.2] AndroidManifest.xml:16:1-21:12
MERGED from [com.google.android.gms:play-services-ads-lite:11.6.2] AndroidManifest.xml:16:1-27:12
MERGED from [com.google.android.gms:play-services-gass:11.6.2] AndroidManifest.xml:2:1-5:12
MERGED from [com.google.android.gms:play-services-tasks:11.6.2] AndroidManifest.xml:2:1-5:12
MERGED from [com.google.android.gms:play-services-basement:11.6.2] AndroidManifest.xml:16:1-23:12
MERGED from [com.android.support:support-v4:27.0.2] AndroidManifest.xml:17:1-22:12
MERGED from [com.facebook.android:facebook-places:4.35.0] AndroidManifest.xml:21:1-31:12
MERGED from [com.facebook.android:facebook-applinks:4.35.0] AndroidManifest.xml:21:1-31:12
MERGED from [com.facebook.android:facebook-messenger:4.35.0] AndroidManifest.xml:21:1-31:12
MERGED from [com.facebook.android:facebook-marketing:4.35.0] AndroidManifest.xml:21:1-35:12
MERGED from [com.facebook.android:facebook-core:4.35.0] AndroidManifest.xml:21:1-53:12
MERGED from [com.android.support:support-fragment:27.0.2] AndroidManifest.xml:17:1-22:12
MERGED from [com.android.support:support-core-utils:27.0.2] AndroidManifest.xml:17:1-22:12
MERGED from [com.android.support:customtabs:27.0.2] AndroidManifest.xml:17:1-22:12
MERGED from [com.android.support:support-media-compat:27.0.2] AndroidManifest.xml:17:1-22:12
MERGED from [com.android.support:animated-vector-drawable:27.0.2] AndroidManifest.xml:17:1-22:12
MERGED from [com.android.support:support-core-ui:27.0.2] AndroidManifest.xml:17:1-22:12
MERGED from [com.android.support:support-vector-drawable:27.0.2] AndroidManifest.xml:17:1-22:12
MERGED from [com.android.support:support-compat:27.0.2] AndroidManifest.xml:17:1-22:12
MERGED from [com.google.firebase:firebase-messaging-license:11.6.2] AndroidManifest.xml:2:1-6:12
MERGED from [com.google.android.gms:play-services-gcm-license:11.6.2] AndroidManifest.xml:2:1-6:12
MERGED from [com.google.android.gms:play-services-ads-license:11.6.2] AndroidManifest.xml:2:1-6:12
MERGED from [com.google.firebase:firebase-analytics-license:11.6.2] AndroidManifest.xml:2:1-6:12
MERGED from [com.google.firebase:firebase-iid-license:11.6.2] AndroidManifest.xml:2:1-6:12
MERGED from [com.google.android.gms:play-services-basement-license:11.6.2] AndroidManifest.xml:2:1-6:12
MERGED from [com.google.firebase:firebase-common-license:11.6.2] AndroidManifest.xml:2:1-6:12
MERGED from [com.google.android.gms:play-services-base-license:11.6.2] AndroidManifest.xml:2:1-6:12
MERGED from [com.google.android.gms:play-services-iid-license:11.6.2] AndroidManifest.xml:2:1-6:12
MERGED from [com.google.android.gms:play-services-ads-lite-license:11.6.2] AndroidManifest.xml:2:1-6:12
MERGED from [com.google.android.gms:play-services-gass-license:11.6.2] AndroidManifest.xml:2:1-6:12
MERGED from [com.google.firebase:firebase-analytics-impl-license:11.6.2] AndroidManifest.xml:2:1-6:12
MERGED from [com.google.android.gms:play-services-tasks-license:11.6.2] AndroidManifest.xml:2:1-6:12
MERGED from [android.arch.lifecycle:runtime:1.0.3] AndroidManifest.xml:17:1-24:12
INJECTED from src/main/AndroidManifest.xml:2:1-316:12
INJECTED from src/main/AndroidManifest.xml:2:1-316:12
INJECTED from src/main/AndroidManifest.xml:2:1-316:12
	package
		ADDED from src/main/AndroidManifest.xml:4:5-31
		INJECTED from src/main/AndroidManifest.xml
		INJECTED from src/main/AndroidManifest.xml
	android:versionName
		INJECTED from src/main/AndroidManifest.xml
		ADDED from src/main/AndroidManifest.xml:2:1-316:12
		INJECTED from src/main/AndroidManifest.xml
	xmlns:tools
		ADDED from src/main/AndroidManifest.xml:3:5-51
	android:versionCode
		INJECTED from src/main/AndroidManifest.xml
		ADDED from src/main/AndroidManifest.xml:2:1-316:12
		INJECTED from src/main/AndroidManifest.xml
	xmlns:android
		ADDED from src/main/AndroidManifest.xml:2:11-69
uses-permission#android.permission.ACCESS_FINE_LOCATION
ADDED from src/main/AndroidManifest.xml:6:5-79
	android:name
		ADDED from src/main/AndroidManifest.xml:6:22-76
uses-permission#android.permission.ACCESS_CORSE_LOCATION
ADDED from src/main/AndroidManifest.xml:7:5-80
	android:name
		ADDED from src/main/AndroidManifest.xml:7:22-77
uses-permission#android.permission.ACCESS_COARSE_LOCATION
ADDED from src/main/AndroidManifest.xml:8:5-81
	android:name
		ADDED from src/main/AndroidManifest.xml:8:22-78
uses-permission#android.permission.WRITE_EXTERNAL_STORAGE
ADDED from src/main/AndroidManifest.xml:9:5-81
	android:name
		ADDED from src/main/AndroidManifest.xml:9:22-78
uses-permission#android.permission.READ_EXTERNAL_STORAGE
ADDED from src/main/AndroidManifest.xml:10:5-80
	android:name
		ADDED from src/main/AndroidManifest.xml:10:22-77
uses-permission#android.permission.GET_ACCOUNTS
ADDED from src/main/AndroidManifest.xml:11:5-71
	android:name
		ADDED from src/main/AndroidManifest.xml:11:22-68
uses-permission#android.permission.INTERNET
ADDED from src/main/AndroidManifest.xml:12:5-67
MERGED from [com.google.android.gms:play-services-gcm:11.6.2] AndroidManifest.xml:21:5-66
MERGED from [com.google.android.gms:play-services-gcm:11.6.2] AndroidManifest.xml:21:5-66
MERGED from [com.google.firebase:firebase-analytics:11.6.2] AndroidManifest.xml:20:5-66
MERGED from [com.google.firebase:firebase-analytics:11.6.2] AndroidManifest.xml:20:5-66
MERGED from [com.google.firebase:firebase-analytics-impl:11.6.2] AndroidManifest.xml:20:5-66
MERGED from [com.google.firebase:firebase-analytics-impl:11.6.2] AndroidManifest.xml:20:5-66
MERGED from [com.google.firebase:firebase-iid:11.6.2] AndroidManifest.xml:20:5-66
MERGED from [com.google.firebase:firebase-iid:11.6.2] AndroidManifest.xml:20:5-66
MERGED from [com.google.android.gms:play-services-iid:11.6.2] AndroidManifest.xml:21:5-66
MERGED from [com.google.android.gms:play-services-iid:11.6.2] AndroidManifest.xml:21:5-66
MERGED from [com.google.android.gms:play-services-ads-lite:11.6.2] AndroidManifest.xml:19:5-66
MERGED from [com.google.android.gms:play-services-ads-lite:11.6.2] AndroidManifest.xml:19:5-66
	android:name
		ADDED from src/main/AndroidManifest.xml:12:22-64
uses-permission#android.permission.WAKE_LOCK
ADDED from src/main/AndroidManifest.xml:13:5-68
MERGED from [com.google.firebase:firebase-analytics:11.6.2] AndroidManifest.xml:22:5-67
MERGED from [com.google.firebase:firebase-analytics:11.6.2] AndroidManifest.xml:22:5-67
MERGED from [com.google.firebase:firebase-analytics-impl:11.6.2] AndroidManifest.xml:22:5-67
MERGED from [com.google.firebase:firebase-analytics-impl:11.6.2] AndroidManifest.xml:22:5-67
MERGED from [com.google.firebase:firebase-iid:11.6.2] AndroidManifest.xml:21:5-67
MERGED from [com.google.firebase:firebase-iid:11.6.2] AndroidManifest.xml:21:5-67
	android:name
		ADDED from src/main/AndroidManifest.xml:13:22-65
uses-permission#android.permission.ACCESS_NETWORK_STATE
ADDED from src/main/AndroidManifest.xml:14:5-79
MERGED from [com.google.firebase:firebase-analytics:11.6.2] AndroidManifest.xml:21:5-78
MERGED from [com.google.firebase:firebase-analytics:11.6.2] AndroidManifest.xml:21:5-78
MERGED from [com.google.firebase:firebase-analytics-impl:11.6.2] AndroidManifest.xml:21:5-78
MERGED from [com.google.firebase:firebase-analytics-impl:11.6.2] AndroidManifest.xml:21:5-78
MERGED from [com.google.firebase:firebase-iid:11.6.2] AndroidManifest.xml:19:5-78
MERGED from [com.google.firebase:firebase-iid:11.6.2] AndroidManifest.xml:19:5-78
MERGED from [com.google.android.gms:play-services-ads-lite:11.6.2] AndroidManifest.xml:20:5-78
MERGED from [com.google.android.gms:play-services-ads-lite:11.6.2] AndroidManifest.xml:20:5-78
	android:name
		ADDED from src/main/AndroidManifest.xml:14:22-76
uses-permission#android.permission.VIBRATE
ADDED from src/main/AndroidManifest.xml:15:5-66
	android:name
		ADDED from src/main/AndroidManifest.xml:15:22-63
uses-permission#android.permission.READ_PHONE_STATE
ADDED from src/main/AndroidManifest.xml:16:5-75
	android:name
		ADDED from src/main/AndroidManifest.xml:16:22-72
uses-permission#com.android.vending.BILLING
ADDED from src/main/AndroidManifest.xml:17:5-67
	android:name
		ADDED from src/main/AndroidManifest.xml:17:22-64
uses-feature#android.hardware.location.gps
ADDED from src/main/AndroidManifest.xml:19:5-66
	android:name
		ADDED from src/main/AndroidManifest.xml:19:19-63
application
ADDED from src/main/AndroidManifest.xml:21:5-314:19
MERGED from [com.github.chrisbanes.photoview:library:1.2.3] AndroidManifest.xml:4:5-81
MERGED from [com.github.chrisbanes.photoview:library:1.2.3] AndroidManifest.xml:4:5-81
MERGED from [com.facebook.android:facebook-android-sdk:4.35.0] AndroidManifest.xml:28:5-29:19
MERGED from [com.facebook.android:facebook-android-sdk:4.35.0] AndroidManifest.xml:28:5-29:19
MERGED from [com.pkmmte.view:circularimageview:1.1] AndroidManifest.xml:11:5-20
MERGED from [com.pkmmte.view:circularimageview:1.1] AndroidManifest.xml:11:5-20
MERGED from [com.melnykov:floatingactionbutton:1.3.0] AndroidManifest.xml:12:5-20
MERGED from [com.melnykov:floatingactionbutton:1.3.0] AndroidManifest.xml:12:5-20
MERGED from [com.android.support:design:26.1.0] AndroidManifest.xml:25:5-29:19
MERGED from [com.android.support:design:26.1.0] AndroidManifest.xml:25:5-29:19
MERGED from [com.facebook.android:facebook-login:4.35.0] AndroidManifest.xml:28:5-29:19
MERGED from [com.facebook.android:facebook-login:4.35.0] AndroidManifest.xml:28:5-29:19
MERGED from [com.facebook.android:facebook-share:4.35.0] AndroidManifest.xml:28:5-29:19
MERGED from [com.facebook.android:facebook-share:4.35.0] AndroidManifest.xml:28:5-29:19
MERGED from [com.facebook.android:facebook-common:4.35.0] AndroidManifest.xml:28:5-35:19
MERGED from [com.facebook.android:facebook-common:4.35.0] AndroidManifest.xml:28:5-35:19
MERGED from [com.android.support:recyclerview-v7:26.1.0] AndroidManifest.xml:22:5-26:19
MERGED from [com.android.support:recyclerview-v7:26.1.0] AndroidManifest.xml:22:5-26:19
MERGED from [com.balysv:material-ripple:1.0.2] AndroidManifest.xml:12:5-20
MERGED from [com.balysv:material-ripple:1.0.2] AndroidManifest.xml:12:5-20
MERGED from [com.google.firebase:firebase-core:11.6.2] AndroidManifest.xml:5:5-20
MERGED from [com.google.firebase:firebase-core:11.6.2] AndroidManifest.xml:5:5-20
MERGED from [com.google.firebase:firebase-ads:11.6.2] AndroidManifest.xml:5:5-20
MERGED from [com.google.firebase:firebase-ads:11.6.2] AndroidManifest.xml:5:5-20
MERGED from [com.google.firebase:firebase-messaging:11.6.2] AndroidManifest.xml:19:5-29:19
MERGED from [com.google.firebase:firebase-messaging:11.6.2] AndroidManifest.xml:19:5-29:19
MERGED from [com.google.android.gms:play-services-gcm:11.6.2] AndroidManifest.xml:23:5-19
MERGED from [com.google.android.gms:play-services-gcm:11.6.2] AndroidManifest.xml:23:5-19
MERGED from [com.android.support:transition:26.1.0] AndroidManifest.xml:22:5-26:19
MERGED from [com.android.support:transition:26.1.0] AndroidManifest.xml:22:5-26:19
MERGED from [com.google.firebase:firebase-analytics:11.6.2] AndroidManifest.xml:24:5-34:19
MERGED from [com.google.firebase:firebase-analytics:11.6.2] AndroidManifest.xml:24:5-34:19
MERGED from [com.google.firebase:firebase-analytics-impl:11.6.2] AndroidManifest.xml:24:5-28:19
MERGED from [com.google.firebase:firebase-analytics-impl:11.6.2] AndroidManifest.xml:24:5-28:19
MERGED from [com.google.firebase:firebase-iid:11.6.2] AndroidManifest.xml:29:5-46:19
MERGED from [com.google.firebase:firebase-iid:11.6.2] AndroidManifest.xml:29:5-46:19
MERGED from [com.google.firebase:firebase-common:11.6.2] AndroidManifest.xml:4:5-7:19
MERGED from [com.google.firebase:firebase-common:11.6.2] AndroidManifest.xml:4:5-7:19
MERGED from [com.google.android.gms:play-services-iid:11.6.2] AndroidManifest.xml:23:5-19
MERGED from [com.google.android.gms:play-services-iid:11.6.2] AndroidManifest.xml:23:5-19
MERGED from [com.google.android.gms:play-services-base:11.6.2] AndroidManifest.xml:18:5-20:19
MERGED from [com.google.android.gms:play-services-base:11.6.2] AndroidManifest.xml:18:5-20:19
MERGED from [com.google.android.gms:play-services-ads-lite:11.6.2] AndroidManifest.xml:23:5-26:19
MERGED from [com.google.android.gms:play-services-ads-lite:11.6.2] AndroidManifest.xml:23:5-26:19
MERGED from [com.google.android.gms:play-services-gass:11.6.2] AndroidManifest.xml:4:5-19
MERGED from [com.google.android.gms:play-services-gass:11.6.2] AndroidManifest.xml:4:5-19
MERGED from [com.google.android.gms:play-services-tasks:11.6.2] AndroidManifest.xml:4:5-19
MERGED from [com.google.android.gms:play-services-tasks:11.6.2] AndroidManifest.xml:4:5-19
MERGED from [com.google.android.gms:play-services-basement:11.6.2] AndroidManifest.xml:19:5-21:19
MERGED from [com.google.android.gms:play-services-basement:11.6.2] AndroidManifest.xml:19:5-21:19
MERGED from [com.facebook.android:facebook-places:4.35.0] AndroidManifest.xml:28:5-29:19
MERGED from [com.facebook.android:facebook-places:4.35.0] AndroidManifest.xml:28:5-29:19
MERGED from [com.facebook.android:facebook-applinks:4.35.0] AndroidManifest.xml:28:5-29:19
MERGED from [com.facebook.android:facebook-applinks:4.35.0] AndroidManifest.xml:28:5-29:19
MERGED from [com.facebook.android:facebook-messenger:4.35.0] AndroidManifest.xml:28:5-29:19
MERGED from [com.facebook.android:facebook-messenger:4.35.0] AndroidManifest.xml:28:5-29:19
MERGED from [com.facebook.android:facebook-marketing:4.35.0] AndroidManifest.xml:28:5-33:19
MERGED from [com.facebook.android:facebook-marketing:4.35.0] AndroidManifest.xml:28:5-33:19
MERGED from [com.facebook.android:facebook-core:4.35.0] AndroidManifest.xml:28:5-51:19
MERGED from [com.facebook.android:facebook-core:4.35.0] AndroidManifest.xml:28:5-51:19
MERGED from [com.google.firebase:firebase-messaging-license:11.6.2] AndroidManifest.xml:5:5-20
MERGED from [com.google.firebase:firebase-messaging-license:11.6.2] AndroidManifest.xml:5:5-20
MERGED from [com.google.android.gms:play-services-gcm-license:11.6.2] AndroidManifest.xml:5:5-20
MERGED from [com.google.android.gms:play-services-gcm-license:11.6.2] AndroidManifest.xml:5:5-20
MERGED from [com.google.android.gms:play-services-ads-license:11.6.2] AndroidManifest.xml:5:5-20
MERGED from [com.google.android.gms:play-services-ads-license:11.6.2] AndroidManifest.xml:5:5-20
MERGED from [com.google.firebase:firebase-analytics-license:11.6.2] AndroidManifest.xml:5:5-20
MERGED from [com.google.firebase:firebase-analytics-license:11.6.2] AndroidManifest.xml:5:5-20
MERGED from [com.google.firebase:firebase-iid-license:11.6.2] AndroidManifest.xml:5:5-20
MERGED from [com.google.firebase:firebase-iid-license:11.6.2] AndroidManifest.xml:5:5-20
MERGED from [com.google.android.gms:play-services-basement-license:11.6.2] AndroidManifest.xml:5:5-20
MERGED from [com.google.android.gms:play-services-basement-license:11.6.2] AndroidManifest.xml:5:5-20
MERGED from [com.google.firebase:firebase-common-license:11.6.2] AndroidManifest.xml:5:5-20
MERGED from [com.google.firebase:firebase-common-license:11.6.2] AndroidManifest.xml:5:5-20
MERGED from [com.google.android.gms:play-services-base-license:11.6.2] AndroidManifest.xml:5:5-20
MERGED from [com.google.android.gms:play-services-base-license:11.6.2] AndroidManifest.xml:5:5-20
MERGED from [com.google.android.gms:play-services-iid-license:11.6.2] AndroidManifest.xml:5:5-20
MERGED from [com.google.android.gms:play-services-iid-license:11.6.2] AndroidManifest.xml:5:5-20
MERGED from [com.google.android.gms:play-services-ads-lite-license:11.6.2] AndroidManifest.xml:5:5-20
MERGED from [com.google.android.gms:play-services-ads-lite-license:11.6.2] AndroidManifest.xml:5:5-20
MERGED from [com.google.android.gms:play-services-gass-license:11.6.2] AndroidManifest.xml:5:5-20
MERGED from [com.google.android.gms:play-services-gass-license:11.6.2] AndroidManifest.xml:5:5-20
MERGED from [com.google.firebase:firebase-analytics-impl-license:11.6.2] AndroidManifest.xml:5:5-20
MERGED from [com.google.firebase:firebase-analytics-impl-license:11.6.2] AndroidManifest.xml:5:5-20
MERGED from [com.google.android.gms:play-services-tasks-license:11.6.2] AndroidManifest.xml:5:5-20
MERGED from [com.google.android.gms:play-services-tasks-license:11.6.2] AndroidManifest.xml:5:5-20
	android:supportsRtl
		ADDED from [com.facebook.android:facebook-android-sdk:4.35.0] AndroidManifest.xml:28:18-44
	android:label
		ADDED from src/main/AndroidManifest.xml:25:9-41
	android:hardwareAccelerated
		ADDED from [com.github.chrisbanes.photoview:library:1.2.3] AndroidManifest.xml:4:45-79
	android:icon
		ADDED from src/main/AndroidManifest.xml:24:9-43
	android:allowBackup
		ADDED from src/main/AndroidManifest.xml:23:9-35
	android:theme
		ADDED from src/main/AndroidManifest.xml:26:9-47
	android:name
		ADDED from src/main/AndroidManifest.xml:22:9-32
meta-data#android.app.default_searchable
ADDED from src/main/AndroidManifest.xml:40:9-42:63
	android:value
		ADDED from src/main/AndroidManifest.xml:42:13-60
	android:name
		ADDED from src/main/AndroidManifest.xml:41:13-58
meta-data#com.google.android.gms.version
ADDED from src/main/AndroidManifest.xml:44:9-46:69
MERGED from [com.google.android.gms:play-services-basement:11.6.2] AndroidManifest.xml:20:9-121
MERGED from [com.google.android.gms:play-services-basement:11.6.2] AndroidManifest.xml:20:9-121
	android:value
		ADDED from src/main/AndroidManifest.xml:46:13-66
	android:name
		ADDED from src/main/AndroidManifest.xml:45:13-58
meta-data#com.facebook.sdk.ApplicationId
ADDED from src/main/AndroidManifest.xml:48:9-49:54
	android:value
		ADDED from src/main/AndroidManifest.xml:49:13-52
	android:name
		ADDED from src/main/AndroidManifest.xml:48:20-65
activity#com.facebook.FacebookActivity
ADDED from src/main/AndroidManifest.xml:51:9-54:48
MERGED from [com.facebook.android:facebook-common:4.35.0] AndroidManifest.xml:29:9-32:66
MERGED from [com.facebook.android:facebook-common:4.35.0] AndroidManifest.xml:29:9-32:66
	android:label
		ADDED from src/main/AndroidManifest.xml:54:13-45
	android:configChanges
		ADDED from src/main/AndroidManifest.xml:52:13-114
	android:theme
		ADDED from [com.facebook.android:facebook-common:4.35.0] AndroidManifest.xml:32:13-63
	android:name
		ADDED from src/main/AndroidManifest.xml:51:19-63
activity#com.facebook.CustomTabActivity
ADDED from src/main/AndroidManifest.xml:55:9-64:20
MERGED from [com.facebook.android:facebook-common:4.35.0] AndroidManifest.xml:34:9-67
MERGED from [com.facebook.android:facebook-common:4.35.0] AndroidManifest.xml:34:9-67
	android:exported
		ADDED from src/main/AndroidManifest.xml:57:13-36
	android:name
		ADDED from src/main/AndroidManifest.xml:56:13-58
intent-filter#android.intent.action.VIEW+android.intent.category.BROWSABLE+android.intent.category.DEFAULT
ADDED from src/main/AndroidManifest.xml:58:13-63:29
action#android.intent.action.VIEW
ADDED from src/main/AndroidManifest.xml:59:17-69
	android:name
		ADDED from src/main/AndroidManifest.xml:59:25-66
category#android.intent.category.DEFAULT
ADDED from src/main/AndroidManifest.xml:60:17-76
	android:name
		ADDED from src/main/AndroidManifest.xml:60:27-73
category#android.intent.category.BROWSABLE
ADDED from src/main/AndroidManifest.xml:61:17-78
	android:name
		ADDED from src/main/AndroidManifest.xml:61:27-75
data
ADDED from src/main/AndroidManifest.xml:62:17-75
	android:scheme
		ADDED from src/main/AndroidManifest.xml:62:23-72
activity#ru.asterios.open.AppActivity
ADDED from src/main/AndroidManifest.xml:66:9-76:20
	android:screenOrientation
		ADDED from src/main/AndroidManifest.xml:70:13-49
	android:label
		ADDED from src/main/AndroidManifest.xml:69:13-45
	android:configChanges
		ADDED from src/main/AndroidManifest.xml:68:13-63
	android:name
		ADDED from src/main/AndroidManifest.xml:67:13-40
intent-filter#android.intent.action.MAIN+android.intent.category.LAUNCHER
ADDED from src/main/AndroidManifest.xml:71:13-75:29
action#android.intent.action.MAIN
ADDED from src/main/AndroidManifest.xml:72:17-69
	android:name
		ADDED from src/main/AndroidManifest.xml:72:25-66
category#android.intent.category.LAUNCHER
ADDED from src/main/AndroidManifest.xml:74:17-77
	android:name
		ADDED from src/main/AndroidManifest.xml:74:27-74
activity#com.google.android.gms.ads.AdActivity
ADDED from src/main/AndroidManifest.xml:77:9-80:64
MERGED from [com.google.android.gms:play-services-ads-lite:11.6.2] AndroidManifest.xml:25:9-257
MERGED from [com.google.android.gms:play-services-ads-lite:11.6.2] AndroidManifest.xml:25:9-257
	android:exported
		ADDED from [com.google.android.gms:play-services-ads-lite:11.6.2] AndroidManifest.xml:25:231-255
	android:configChanges
		ADDED from src/main/AndroidManifest.xml:79:13-122
	android:theme
		ADDED from src/main/AndroidManifest.xml:80:13-61
	android:name
		ADDED from src/main/AndroidManifest.xml:78:13-65
service#ru.asterios.open.service.MyFcmListenerService
ADDED from src/main/AndroidManifest.xml:82:9-87:19
	android:name
		ADDED from src/main/AndroidManifest.xml:83:13-57
intent-filter#com.google.firebase.MESSAGING_EVENT
ADDED from src/main/AndroidManifest.xml:84:13-86:29
action#com.google.firebase.MESSAGING_EVENT
ADDED from src/main/AndroidManifest.xml:85:17-78
	android:name
		ADDED from src/main/AndroidManifest.xml:85:25-75
service#ru.asterios.open.service.MyInstanceIDListenerService
ADDED from src/main/AndroidManifest.xml:89:9-94:19
	android:name
		ADDED from src/main/AndroidManifest.xml:90:13-64
intent-filter#com.google.firebase.INSTANCE_ID_EVENT
ADDED from src/main/AndroidManifest.xml:91:13-93:29
action#com.google.firebase.INSTANCE_ID_EVENT
ADDED from src/main/AndroidManifest.xml:92:17-80
	android:name
		ADDED from src/main/AndroidManifest.xml:92:25-77
service#ru.asterios.open.service.MyService
ADDED from src/main/AndroidManifest.xml:96:9-98:40
	android:exported
		ADDED from src/main/AndroidManifest.xml:98:13-37
	android:name
		ADDED from src/main/AndroidManifest.xml:97:13-46
activity#ru.asterios.open.LoginActivity
ADDED from src/main/AndroidManifest.xml:100:9-103:57
	android:label
		ADDED from src/main/AndroidManifest.xml:102:13-57
	android:windowSoftInputMode
		ADDED from src/main/AndroidManifest.xml:103:13-54
	android:name
		ADDED from src/main/AndroidManifest.xml:101:13-42
activity#ru.asterios.open.SignupActivity
ADDED from src/main/AndroidManifest.xml:104:9-107:57
	android:label
		ADDED from src/main/AndroidManifest.xml:106:13-58
	android:windowSoftInputMode
		ADDED from src/main/AndroidManifest.xml:107:13-54
	android:name
		ADDED from src/main/AndroidManifest.xml:105:13-43
activity#ru.asterios.open.MainActivity
ADDED from src/main/AndroidManifest.xml:108:9-110:60
	android:label
		ADDED from src/main/AndroidManifest.xml:110:13-57
	android:name
		ADDED from src/main/AndroidManifest.xml:109:13-41
activity#ru.asterios.open.RecoveryActivity
ADDED from src/main/AndroidManifest.xml:111:9-114:57
	android:label
		ADDED from src/main/AndroidManifest.xml:113:13-60
	android:windowSoftInputMode
		ADDED from src/main/AndroidManifest.xml:114:13-54
	android:name
		ADDED from src/main/AndroidManifest.xml:112:13-45
activity#ru.asterios.open.SettingsActivity
ADDED from src/main/AndroidManifest.xml:115:9-117:63
	android:label
		ADDED from src/main/AndroidManifest.xml:117:13-60
	android:name
		ADDED from src/main/AndroidManifest.xml:116:13-45
activity#ru.asterios.open.WebViewActivity
ADDED from src/main/AndroidManifest.xml:118:9-120:63
	android:label
		ADDED from src/main/AndroidManifest.xml:120:13-60
	android:name
		ADDED from src/main/AndroidManifest.xml:119:13-44
activity#ru.asterios.open.ChangePasswordActivity
ADDED from src/main/AndroidManifest.xml:121:9-124:57
	android:label
		ADDED from src/main/AndroidManifest.xml:123:13-67
	android:windowSoftInputMode
		ADDED from src/main/AndroidManifest.xml:124:13-54
	android:name
		ADDED from src/main/AndroidManifest.xml:122:13-51
activity#ru.asterios.open.ServicesActivity
ADDED from src/main/AndroidManifest.xml:125:9-127:63
	android:label
		ADDED from src/main/AndroidManifest.xml:127:13-60
	android:name
		ADDED from src/main/AndroidManifest.xml:126:13-45
activity#ru.asterios.open.NewItemActivity
ADDED from src/main/AndroidManifest.xml:128:9-130:63
	android:label
		ADDED from src/main/AndroidManifest.xml:130:13-60
	android:name
		ADDED from src/main/AndroidManifest.xml:129:13-44
activity#ru.asterios.open.ViewItemActivity
ADDED from src/main/AndroidManifest.xml:131:9-134:57
	android:label
		ADDED from src/main/AndroidManifest.xml:133:13-61
	android:windowSoftInputMode
		ADDED from src/main/AndroidManifest.xml:134:13-54
	android:name
		ADDED from src/main/AndroidManifest.xml:132:13-45
activity#ru.asterios.open.ProfileActivity
ADDED from src/main/AndroidManifest.xml:135:9-137:62
	android:label
		ADDED from src/main/AndroidManifest.xml:137:13-59
	android:name
		ADDED from src/main/AndroidManifest.xml:136:13-44
activity#ru.asterios.open.SearchActivity
ADDED from src/main/AndroidManifest.xml:138:9-144:20
	android:label
		ADDED from src/main/AndroidManifest.xml:140:13-58
	android:name
		ADDED from src/main/AndroidManifest.xml:139:13-43
meta-data#android.app.searchable
ADDED from src/main/AndroidManifest.xml:141:13-143:54
	android:resource
		ADDED from src/main/AndroidManifest.xml:143:17-51
	android:name
		ADDED from src/main/AndroidManifest.xml:142:17-54
activity#ru.asterios.open.NotificationsActivity
ADDED from src/main/AndroidManifest.xml:145:9-147:68
	android:label
		ADDED from src/main/AndroidManifest.xml:147:13-65
	android:name
		ADDED from src/main/AndroidManifest.xml:146:13-50
activity#ru.asterios.open.PhotoViewActivity
ADDED from src/main/AndroidManifest.xml:148:9-151:53
	android:label
		ADDED from src/main/AndroidManifest.xml:150:13-62
	android:theme
		ADDED from src/main/AndroidManifest.xml:151:13-50
	android:name
		ADDED from src/main/AndroidManifest.xml:149:13-46
activity#ru.asterios.open.VideoViewActivity
ADDED from src/main/AndroidManifest.xml:152:9-155:53
	android:label
		ADDED from src/main/AndroidManifest.xml:154:13-62
	android:theme
		ADDED from src/main/AndroidManifest.xml:155:13-50
	android:name
		ADDED from src/main/AndroidManifest.xml:153:13-46
activity#ru.asterios.open.HashtagsActivity
ADDED from src/main/AndroidManifest.xml:156:9-158:63
	android:label
		ADDED from src/main/AndroidManifest.xml:158:13-60
	android:name
		ADDED from src/main/AndroidManifest.xml:157:13-45
activity#ru.asterios.open.FollowingsActivity
ADDED from src/main/AndroidManifest.xml:159:9-161:65
	android:label
		ADDED from src/main/AndroidManifest.xml:161:13-62
	android:name
		ADDED from src/main/AndroidManifest.xml:160:13-47
activity#ru.asterios.open.FollowersActivity
ADDED from src/main/AndroidManifest.xml:162:9-164:64
	android:label
		ADDED from src/main/AndroidManifest.xml:164:13-61
	android:name
		ADDED from src/main/AndroidManifest.xml:163:13-46
activity#ru.asterios.open.LikesActivity
ADDED from src/main/AndroidManifest.xml:165:9-167:60
	android:label
		ADDED from src/main/AndroidManifest.xml:167:13-57
	android:name
		ADDED from src/main/AndroidManifest.xml:166:13-42
activity#ru.asterios.open.LikersActivity
ADDED from src/main/AndroidManifest.xml:168:9-170:61
	android:label
		ADDED from src/main/AndroidManifest.xml:170:13-58
	android:name
		ADDED from src/main/AndroidManifest.xml:169:13-43
activity#ru.asterios.open.AccountSettingsActivity
ADDED from src/main/AndroidManifest.xml:171:9-174:57
	android:label